<?xml version="1.0" encoding="UTF-8" standalone="no"?>
<testsuite failures="2" name="cucumber.runtime.formatter.JUnitFormatter" skipped="0" tests="3" time="71.247313">
<testcase classname="FREE CRM Login Feature" name="FREE CRM Login Test Scenario" time="22.752706">
<system-out><![CDATA[Given user is already on login Page.........................................passed
When title of login Page is FREE CRM........................................passed
Then user enters "Priyanshua" and "Chetu@123"...............................passed
Then user clicks on Login Button............................................passed
And user is on home page....................................................passed
]]></system-out>
</testcase>
<testcase classname="FREE CRM Login Feature" name="FREE CRM Login Test Scenario 2" time="18.093713">
<failure message="junit.framework.ComparisonFailure: expected:&lt;CRMPRO[]&gt; but was:&lt;CRMPRO[ - CRM software for customer relationship management, sales, and support.]&gt;&#13;&#10;&#9;at junit.framework.Assert.assertEquals(Assert.java:100)&#13;&#10;&#9;at junit.framework.Assert.assertEquals(Assert.java:107)&#13;&#10;&#9;at stepDefinations.LoginstepDefination.user_is_on_home_page(LoginstepDefination.java:71)&#13;&#10;&#9;at ✽.user is on home page(C:/CucumberFramework/src/main/java/Features/login.feature:19)&#13;&#10;"><![CDATA[Given user is already on login Page.........................................passed
When title of login Page is FREE CRM........................................passed
Then user enters "naveenk" and "test@123"...................................passed
Then user clicks on Login Button............................................passed
And user is on home page....................................................failed

StackTrace:
junit.framework.ComparisonFailure: expected:<CRMPRO[]> but was:<CRMPRO[ - CRM software for customer relationship management, sales, and support.]>
	at junit.framework.Assert.assertEquals(Assert.java:100)
	at junit.framework.Assert.assertEquals(Assert.java:107)
	at stepDefinations.LoginstepDefination.user_is_on_home_page(LoginstepDefination.java:71)
	at ✽.user is on home page(C:/CucumberFramework/src/main/java/Features/login.feature:19)
]]></failure>
</testcase>
<testcase classname="FREE CRM Login Feature" name="FREE CRM Login Test Scenario 3" time="30.400894">
<failure message="junit.framework.ComparisonFailure: expected:&lt;CRMPRO[]&gt; but was:&lt;CRMPRO[ - CRM software for customer relationship management, sales, and support.]&gt;&#13;&#10;&#9;at junit.framework.Assert.assertEquals(Assert.java:100)&#13;&#10;&#9;at junit.framework.Assert.assertEquals(Assert.java:107)&#13;&#10;&#9;at stepDefinations.LoginstepDefination.user_is_on_home_page(LoginstepDefination.java:71)&#13;&#10;&#9;at ✽.user is on home page(C:/CucumberFramework/src/main/java/Features/login.feature:19)&#13;&#10;"><![CDATA[Given user is already on login Page.........................................passed
When title of login Page is FREE CRM........................................passed
Then user enters "tom" and "test456"........................................passed
Then user clicks on Login Button............................................passed
And user is on home page....................................................failed

StackTrace:
junit.framework.ComparisonFailure: expected:<CRMPRO[]> but was:<CRMPRO[ - CRM software for customer relationship management, sales, and support.]>
	at junit.framework.Assert.assertEquals(Assert.java:100)
	at junit.framework.Assert.assertEquals(Assert.java:107)
	at stepDefinations.LoginstepDefination.user_is_on_home_page(LoginstepDefination.java:71)
	at ✽.user is on home page(C:/CucumberFramework/src/main/java/Features/login.feature:19)
]]></failure>
</testcase>
</testsuite>
